{"/home/pawel/Documents/geolocation-api-test/src/entities.ts": {"path":"/home/pawel/Documents/geolocation-api-test/src/entities.ts","statementMap":{"0":{"start":{"line":1,"column":0},"end":{"line":1,"column":39}},"1":{"start":{"line":2,"column":0},"end":{"line":2,"column":45}},"2":{"start":{"line":3,"column":0},"end":{"line":3,"column":43}},"3":{"start":{"line":4,"column":0},"end":{"line":4,"column":49}},"4":{"start":{"line":5,"column":0},"end":{"line":5,"column":41}},"5":{"start":{"line":6,"column":0},"end":{"line":6,"column":43}},"6":{"start":{"line":8,"column":0},"end":{"line":8,"column":71}}},"fnMap":{},"branchMap":{},"s":{"0":1,"1":1,"2":1,"3":1,"4":1,"5":1,"6":1},"f":{},"b":{}}
,"/home/pawel/Documents/geolocation-api-test/src/session/adapters/jwtAdapter.ts": {"path":"/home/pawel/Documents/geolocation-api-test/src/session/adapters/jwtAdapter.ts","statementMap":{"0":{"start":{"line":1,"column":0},"end":{"line":1,"column":31}},"1":{"start":{"line":2,"column":0},"end":{"line":2,"column":30}},"2":{"start":{"line":4,"column":0},"end":{"line":4,"column":46}},"3":{"start":{"line":6,"column":0},"end":{"line":6,"column":28}},"4":{"start":{"line":8,"column":0},"end":{"line":8,"column":42}},"5":{"start":{"line":10,"column":26},"end":{"line":56,"column":2}},"6":{"start":{"line":10,"column":81},"end":{"line":56,"column":2}},"7":{"start":{"line":12,"column":4},"end":{"line":14,"column":7}},"8":{"start":{"line":18,"column":4},"end":{"line":20,"column":7}},"9":{"start":{"line":24,"column":25},"end":{"line":24,"column":67}},"10":{"start":{"line":25,"column":4},"end":{"line":25,"column":43}},"11":{"start":{"line":25,"column":31},"end":{"line":25,"column":43}},"12":{"start":{"line":26,"column":4},"end":{"line":26,"column":24}},"13":{"start":{"line":30,"column":28},"end":{"line":30,"column":72}},"14":{"start":{"line":31,"column":4},"end":{"line":31,"column":27}},"15":{"start":{"line":35,"column":4},"end":{"line":40,"column":null}},"16":{"start":{"line":36,"column":6},"end":{"line":36,"column":57}},"17":{"start":{"line":37,"column":6},"end":{"line":37,"column":18}},"18":{"start":{"line":39,"column":6},"end":{"line":39,"column":19}},"19":{"start":{"line":44,"column":4},"end":{"line":54,"column":null}},"20":{"start":{"line":45,"column":6},"end":{"line":45,"column":48}},"21":{"start":{"line":46,"column":20},"end":{"line":48,"column":null}},"22":{"start":{"line":48,"column":31},"end":{"line":48,"column":73}},"23":{"start":{"line":50,"column":6},"end":{"line":50,"column":19}},"24":{"start":{"line":52,"column":6},"end":{"line":52,"column":34}},"25":{"start":{"line":53,"column":6},"end":{"line":53,"column":18}},"26":{"start":{"line":58,"column":0},"end":{"line":58,"column":65}}},"fnMap":{"0":{"name":"(anonymous_1)","decl":{"start":{"line":10,"column":26},"end":{"line":10,"column":27}},"loc":{"start":{"line":10,"column":81},"end":{"line":56,"column":2}}},"1":{"name":"(anonymous_2)","decl":{"start":{"line":11,"column":2},"end":{"line":11,"column":19}},"loc":{"start":{"line":11,"column":46},"end":{"line":15,"column":3}}},"2":{"name":"(anonymous_3)","decl":{"start":{"line":17,"column":2},"end":{"line":17,"column":20}},"loc":{"start":{"line":17,"column":47},"end":{"line":21,"column":3}}},"3":{"name":"(anonymous_4)","decl":{"start":{"line":23,"column":2},"end":{"line":23,"column":13}},"loc":{"start":{"line":23,"column":27},"end":{"line":27,"column":3}}},"4":{"name":"(anonymous_5)","decl":{"start":{"line":29,"column":2},"end":{"line":29,"column":15}},"loc":{"start":{"line":29,"column":56},"end":{"line":32,"column":3}}},"5":{"name":"(anonymous_6)","decl":{"start":{"line":34,"column":2},"end":{"line":34,"column":14}},"loc":{"start":{"line":34,"column":28},"end":{"line":41,"column":3}}},"6":{"name":"(anonymous_7)","decl":{"start":{"line":43,"column":2},"end":{"line":43,"column":7}},"loc":{"start":{"line":43,"column":44},"end":{"line":55,"column":3}}},"7":{"name":"(anonymous_8)","decl":{"start":{"line":48,"column":25},"end":{"line":48,"column":28}},"loc":{"start":{"line":48,"column":31},"end":{"line":48,"column":73}}}},"branchMap":{"0":{"loc":{"start":{"line":25,"column":4},"end":{"line":25,"column":43}},"type":"if","locations":[{"start":{"line":25,"column":4},"end":{"line":25,"column":43}}]},"1":{"loc":{"start":{"line":25,"column":9},"end":{"line":25,"column":29}},"type":"cond-expr","locations":[{"start":{"line":25,"column":21},"end":{"line":25,"column":23}},{"start":{"line":25,"column":9},"end":{"line":25,"column":29}}]},"2":{"loc":{"start":{"line":25,"column":9},"end":{"line":25,"column":23}},"type":"binary-expr","locations":[{"start":{"line":25,"column":9},"end":{"line":25,"column":23}},{"start":{"line":25,"column":9},"end":{"line":25,"column":23}}]}},"s":{"0":1,"1":1,"2":1,"3":1,"4":1,"5":1,"6":1,"7":0,"8":0,"9":0,"10":0,"11":0,"12":0,"13":0,"14":0,"15":1,"16":1,"17":0,"18":1,"19":0,"20":0,"21":0,"22":0,"23":0,"24":0,"25":0,"26":1},"f":{"0":1,"1":0,"2":0,"3":0,"4":0,"5":1,"6":0,"7":0},"b":{"0":[0],"1":[0,0],"2":[0,0]}}
,"/home/pawel/Documents/geolocation-api-test/src/session/domain/ports/session.ts": {"path":"/home/pawel/Documents/geolocation-api-test/src/session/domain/ports/session.ts","statementMap":{"0":{"start":{"line":4,"column":33},"end":{"line":5,"column":55}},"1":{"start":{"line":5,"column":2},"end":{"line":5,"column":55}},"2":{"start":{"line":4,"column":13},"end":{"line":4,"column":33}},"3":{"start":{"line":6,"column":29},"end":{"line":7,"column":56}},"4":{"start":{"line":7,"column":2},"end":{"line":7,"column":56}},"5":{"start":{"line":6,"column":13},"end":{"line":6,"column":29}},"6":{"start":{"line":8,"column":34},"end":{"line":9,"column":56}},"7":{"start":{"line":9,"column":2},"end":{"line":9,"column":56}},"8":{"start":{"line":8,"column":13},"end":{"line":8,"column":34}},"9":{"start":{"line":10,"column":31},"end":{"line":11,"column":46}},"10":{"start":{"line":11,"column":2},"end":{"line":11,"column":46}},"11":{"start":{"line":10,"column":13},"end":{"line":10,"column":31}},"12":{"start":{"line":12,"column":28},"end":{"line":12,"column":113}},"13":{"start":{"line":12,"column":79},"end":{"line":12,"column":113}},"14":{"start":{"line":12,"column":13},"end":{"line":12,"column":28}},"15":{"start":{"line":13,"column":27},"end":{"line":13,"column":111}},"16":{"start":{"line":13,"column":78},"end":{"line":13,"column":111}},"17":{"start":{"line":13,"column":13},"end":{"line":13,"column":27}}},"fnMap":{"0":{"name":"(anonymous_0)","decl":{"start":{"line":4,"column":33},"end":{"line":4,"column":34}},"loc":{"start":{"line":5,"column":2},"end":{"line":5,"column":55}}},"1":{"name":"(anonymous_1)","decl":{"start":{"line":6,"column":29},"end":{"line":6,"column":30}},"loc":{"start":{"line":7,"column":2},"end":{"line":7,"column":56}}},"2":{"name":"(anonymous_2)","decl":{"start":{"line":8,"column":34},"end":{"line":8,"column":35}},"loc":{"start":{"line":9,"column":2},"end":{"line":9,"column":56}}},"3":{"name":"(anonymous_3)","decl":{"start":{"line":10,"column":31},"end":{"line":10,"column":36}},"loc":{"start":{"line":11,"column":2},"end":{"line":11,"column":46}}},"4":{"name":"(anonymous_4)","decl":{"start":{"line":12,"column":28},"end":{"line":12,"column":29}},"loc":{"start":{"line":12,"column":79},"end":{"line":12,"column":113}}},"5":{"name":"(anonymous_5)","decl":{"start":{"line":13,"column":27},"end":{"line":13,"column":28}},"loc":{"start":{"line":13,"column":78},"end":{"line":13,"column":111}}}},"branchMap":{},"s":{"0":1,"1":0,"2":1,"3":1,"4":0,"5":1,"6":1,"7":0,"8":1,"9":1,"10":0,"11":1,"12":1,"13":1,"14":1,"15":1,"16":0,"17":1},"f":{"0":0,"1":0,"2":0,"3":0,"4":1,"5":0},"b":{}}
,"/home/pawel/Documents/geolocation-api-test/src/shared/config/features.ts": {"path":"/home/pawel/Documents/geolocation-api-test/src/shared/config/features.ts","statementMap":{"0":{"start":{"line":10,"column":13},"end":{"line":17,"column":2}}},"fnMap":{},"branchMap":{},"s":{"0":1},"f":{},"b":{}}
,"/home/pawel/Documents/geolocation-api-test/src/shared/config/utils.ts": {"path":"/home/pawel/Documents/geolocation-api-test/src/shared/config/utils.ts","statementMap":{"0":{"start":{"line":1,"column":0},"end":{"line":1,"column":48}},"1":{"start":{"line":2,"column":0},"end":{"line":2,"column":51}},"2":{"start":{"line":5,"column":2},"end":{"line":5,"column":86}},"3":{"start":{"line":5,"column":55},"end":{"line":5,"column":84}},"4":{"start":{"line":4,"column":0},"end":{"line":4,"column":24}}},"fnMap":{"0":{"name":"isFeatureUsed","decl":{"start":{"line":4,"column":24},"end":{"line":4,"column":37}},"loc":{"start":{"line":4,"column":78},"end":{"line":6,"column":1}}},"1":{"name":"(anonymous_1)","decl":{"start":{"line":5,"column":39},"end":{"line":5,"column":40}},"loc":{"start":{"line":5,"column":55},"end":{"line":5,"column":84}}}},"branchMap":{},"s":{"0":1,"1":1,"2":1,"3":1,"4":1},"f":{"0":1,"1":1},"b":{}}
,"/home/pawel/Documents/geolocation-api-test/src/shared/config/logger/instance.ts": {"path":"/home/pawel/Documents/geolocation-api-test/src/shared/config/logger/instance.ts","statementMap":{"0":{"start":{"line":1,"column":0},"end":{"line":1,"column":28}},"1":{"start":{"line":2,"column":0},"end":{"line":2,"column":38}},"2":{"start":{"line":4,"column":16},"end":{"line":10,"column":2}},"3":{"start":{"line":12,"column":0},"end":{"line":12,"column":23}}},"fnMap":{},"branchMap":{},"s":{"0":1,"1":1,"2":1,"3":1},"f":{},"b":{}}
,"/home/pawel/Documents/geolocation-api-test/src/shared/config/logger/winston.ts": {"path":"/home/pawel/Documents/geolocation-api-test/src/shared/config/logger/winston.ts","statementMap":{"0":{"start":{"line":1,"column":0},"end":{"line":1,"column":30}},"1":{"start":{"line":6,"column":18},"end":{"line":6,"column":45}},"2":{"start":{"line":9,"column":24},"end":{"line":11,"column":53}},"3":{"start":{"line":12,"column":23},"end":{"line":14,"column":6}},"4":{"start":{"line":15,"column":49},"end":{"line":19,"column":6}},"5":{"start":{"line":21,"column":4},"end":{"line":21,"column":54}},"6":{"start":{"line":23,"column":4},"end":{"line":29,"column":null}},"7":{"start":{"line":24,"column":6},"end":{"line":28,"column":8}},"8":{"start":{"line":33,"column":4},"end":{"line":33,"column":78}},"9":{"start":{"line":37,"column":4},"end":{"line":37,"column":75}},"10":{"start":{"line":41,"column":4},"end":{"line":45,"column":7}},"11":{"start":{"line":49,"column":4},"end":{"line":49,"column":75}},"12":{"start":{"line":53,"column":4},"end":{"line":53,"column":65}},"13":{"start":{"line":57,"column":4},"end":{"line":57,"column":75}},"14":{"start":{"line":61,"column":4},"end":{"line":65,"column":7}},"15":{"start":{"line":69,"column":4},"end":{"line":69,"column":76}},"16":{"start":{"line":73,"column":4},"end":{"line":73,"column":73}},"17":{"start":{"line":77,"column":4},"end":{"line":77,"column":65}},"18":{"start":{"line":4,"column":0},"end":{"line":4,"column":21}}},"fnMap":{"0":{"name":"(anonymous_1)","decl":{"start":{"line":8,"column":2},"end":{"line":8,"column":14}},"loc":{"start":{"line":8,"column":40},"end":{"line":30,"column":3}}},"1":{"name":"(anonymous_2)","decl":{"start":{"line":32,"column":9},"end":{"line":32,"column":12}},"loc":{"start":{"line":32,"column":72},"end":{"line":34,"column":3}}},"2":{"name":"(anonymous_3)","decl":{"start":{"line":36,"column":9},"end":{"line":36,"column":14}},"loc":{"start":{"line":36,"column":44},"end":{"line":38,"column":3}}},"3":{"name":"(anonymous_4)","decl":{"start":{"line":40,"column":9},"end":{"line":40,"column":20}},"loc":{"start":{"line":40,"column":63},"end":{"line":46,"column":3}}},"4":{"name":"(anonymous_5)","decl":{"start":{"line":48,"column":9},"end":{"line":48,"column":13}},"loc":{"start":{"line":48,"column":43},"end":{"line":50,"column":3}}},"5":{"name":"(anonymous_6)","decl":{"start":{"line":52,"column":9},"end":{"line":52,"column":19}},"loc":{"start":{"line":52,"column":50},"end":{"line":54,"column":3}}},"6":{"name":"(anonymous_7)","decl":{"start":{"line":56,"column":9},"end":{"line":56,"column":13}},"loc":{"start":{"line":56,"column":43},"end":{"line":58,"column":3}}},"7":{"name":"(anonymous_8)","decl":{"start":{"line":60,"column":9},"end":{"line":60,"column":19}},"loc":{"start":{"line":60,"column":62},"end":{"line":66,"column":3}}},"8":{"name":"(anonymous_9)","decl":{"start":{"line":68,"column":9},"end":{"line":68,"column":14}},"loc":{"start":{"line":68,"column":44},"end":{"line":70,"column":3}}},"9":{"name":"(anonymous_10)","decl":{"start":{"line":72,"column":9},"end":{"line":72,"column":20}},"loc":{"start":{"line":72,"column":65},"end":{"line":74,"column":3}}},"10":{"name":"(anonymous_11)","decl":{"start":{"line":76,"column":9},"end":{"line":76,"column":18}},"loc":{"start":{"line":76,"column":46},"end":{"line":78,"column":3}}}},"branchMap":{"0":{"loc":{"start":{"line":23,"column":4},"end":{"line":29,"column":null}},"type":"if","locations":[{"start":{"line":23,"column":4},"end":{"line":29,"column":null}}]},"1":{"loc":{"start":{"line":33,"column":31},"end":{"line":33,"column":61}},"type":"cond-expr","locations":[{"start":{"line":33,"column":31},"end":{"line":33,"column":38}},{"start":{"line":33,"column":42},"end":{"line":33,"column":61}}]},"2":{"loc":{"start":{"line":33,"column":31},"end":{"line":33,"column":42}},"type":"binary-expr","locations":[{"start":{"line":33,"column":31},"end":{"line":33,"column":42}},{"start":{"line":33,"column":31},"end":{"line":33,"column":42}}]},"3":{"loc":{"start":{"line":37,"column":38},"end":{"line":37,"column":68}},"type":"cond-expr","locations":[{"start":{"line":37,"column":38},"end":{"line":37,"column":45}},{"start":{"line":37,"column":49},"end":{"line":37,"column":68}}]},"4":{"loc":{"start":{"line":37,"column":38},"end":{"line":37,"column":49}},"type":"binary-expr","locations":[{"start":{"line":37,"column":38},"end":{"line":37,"column":49}},{"start":{"line":37,"column":38},"end":{"line":37,"column":49}}]},"5":{"loc":{"start":{"line":42,"column":15},"end":{"line":42,"column":45}},"type":"cond-expr","locations":[{"start":{"line":42,"column":15},"end":{"line":42,"column":22}},{"start":{"line":42,"column":26},"end":{"line":42,"column":45}}]},"6":{"loc":{"start":{"line":42,"column":15},"end":{"line":42,"column":26}},"type":"binary-expr","locations":[{"start":{"line":42,"column":15},"end":{"line":42,"column":26}},{"start":{"line":42,"column":15},"end":{"line":42,"column":26}}]},"7":{"loc":{"start":{"line":49,"column":38},"end":{"line":49,"column":68}},"type":"cond-expr","locations":[{"start":{"line":49,"column":38},"end":{"line":49,"column":45}},{"start":{"line":49,"column":49},"end":{"line":49,"column":68}}]},"8":{"loc":{"start":{"line":49,"column":38},"end":{"line":49,"column":49}},"type":"binary-expr","locations":[{"start":{"line":49,"column":38},"end":{"line":49,"column":49}},{"start":{"line":49,"column":38},"end":{"line":49,"column":49}}]},"9":{"loc":{"start":{"line":53,"column":25},"end":{"line":53,"column":55}},"type":"cond-expr","locations":[{"start":{"line":53,"column":25},"end":{"line":53,"column":32}},{"start":{"line":53,"column":36},"end":{"line":53,"column":55}}]},"10":{"loc":{"start":{"line":53,"column":25},"end":{"line":53,"column":36}},"type":"binary-expr","locations":[{"start":{"line":53,"column":25},"end":{"line":53,"column":36}},{"start":{"line":53,"column":25},"end":{"line":53,"column":36}}]},"11":{"loc":{"start":{"line":57,"column":38},"end":{"line":57,"column":68}},"type":"cond-expr","locations":[{"start":{"line":57,"column":38},"end":{"line":57,"column":45}},{"start":{"line":57,"column":49},"end":{"line":57,"column":68}}]},"12":{"loc":{"start":{"line":57,"column":38},"end":{"line":57,"column":49}},"type":"binary-expr","locations":[{"start":{"line":57,"column":38},"end":{"line":57,"column":49}},{"start":{"line":57,"column":38},"end":{"line":57,"column":49}}]},"13":{"loc":{"start":{"line":62,"column":15},"end":{"line":62,"column":45}},"type":"cond-expr","locations":[{"start":{"line":62,"column":15},"end":{"line":62,"column":22}},{"start":{"line":62,"column":26},"end":{"line":62,"column":45}}]},"14":{"loc":{"start":{"line":62,"column":15},"end":{"line":62,"column":26}},"type":"binary-expr","locations":[{"start":{"line":62,"column":15},"end":{"line":62,"column":26}},{"start":{"line":62,"column":15},"end":{"line":62,"column":26}}]},"15":{"loc":{"start":{"line":69,"column":39},"end":{"line":69,"column":69}},"type":"cond-expr","locations":[{"start":{"line":69,"column":39},"end":{"line":69,"column":46}},{"start":{"line":69,"column":50},"end":{"line":69,"column":69}}]},"16":{"loc":{"start":{"line":69,"column":39},"end":{"line":69,"column":50}},"type":"binary-expr","locations":[{"start":{"line":69,"column":39},"end":{"line":69,"column":50}},{"start":{"line":69,"column":39},"end":{"line":69,"column":50}}]},"17":{"loc":{"start":{"line":73,"column":26},"end":{"line":73,"column":56}},"type":"cond-expr","locations":[{"start":{"line":73,"column":26},"end":{"line":73,"column":33}},{"start":{"line":73,"column":37},"end":{"line":73,"column":56}}]},"18":{"loc":{"start":{"line":73,"column":26},"end":{"line":73,"column":37}},"type":"binary-expr","locations":[{"start":{"line":73,"column":26},"end":{"line":73,"column":37}},{"start":{"line":73,"column":26},"end":{"line":73,"column":37}}]},"19":{"loc":{"start":{"line":77,"column":26},"end":{"line":77,"column":56}},"type":"cond-expr","locations":[{"start":{"line":77,"column":26},"end":{"line":77,"column":33}},{"start":{"line":77,"column":37},"end":{"line":77,"column":56}}]},"20":{"loc":{"start":{"line":77,"column":26},"end":{"line":77,"column":37}},"type":"binary-expr","locations":[{"start":{"line":77,"column":26},"end":{"line":77,"column":37}},{"start":{"line":77,"column":26},"end":{"line":77,"column":37}}]}},"s":{"0":1,"1":1,"2":1,"3":1,"4":1,"5":1,"6":1,"7":1,"8":0,"9":0,"10":0,"11":0,"12":0,"13":0,"14":0,"15":0,"16":0,"17":0,"18":1},"f":{"0":1,"1":0,"2":0,"3":0,"4":0,"5":0,"6":0,"7":0,"8":0,"9":0,"10":0},"b":{"0":[1],"1":[0,0],"2":[0,0],"3":[0,0],"4":[0,0],"5":[0,0],"6":[0,0],"7":[0,0],"8":[0,0],"9":[0,0],"10":[0,0],"11":[0,0],"12":[0,0],"13":[0,0],"14":[0,0],"15":[0,0],"16":[0,0],"17":[0,0],"18":[0,0],"19":[0,0],"20":[0,0]}}
,"/home/pawel/Documents/geolocation-api-test/src/shared/database/connection.ts": {"path":"/home/pawel/Documents/geolocation-api-test/src/shared/database/connection.ts","statementMap":{"0":{"start":{"line":1,"column":0},"end":{"line":1,"column":37}},"1":{"start":{"line":2,"column":0},"end":{"line":2,"column":34}},"2":{"start":{"line":4,"column":0},"end":{"line":4,"column":34}},"3":{"start":{"line":6,"column":22},"end":{"line":16,"column":2}},"4":{"start":{"line":18,"column":0},"end":{"line":18,"column":29}}},"fnMap":{},"branchMap":{},"s":{"0":1,"1":1,"2":1,"3":1,"4":1},"f":{},"b":{}}
,"/home/pawel/Documents/geolocation-api-test/src/shared/helpers/coerce.ts": {"path":"/home/pawel/Documents/geolocation-api-test/src/shared/helpers/coerce.ts","statementMap":{"0":{"start":{"line":2,"column":0},"end":{"line":2,"column":54}},"1":{"start":{"line":5,"column":2},"end":{"line":5,"column":80}},"2":{"start":{"line":4,"column":0},"end":{"line":4,"column":16}},"3":{"start":{"line":11,"column":2},"end":{"line":11,"column":57}},"4":{"start":{"line":10,"column":0},"end":{"line":10,"column":16}},"5":{"start":{"line":15,"column":2},"end":{"line":15,"column":27}},"6":{"start":{"line":15,"column":14},"end":{"line":15,"column":27}},"7":{"start":{"line":16,"column":2},"end":{"line":16,"column":50}},"8":{"start":{"line":14,"column":0},"end":{"line":14,"column":16}}},"fnMap":{"0":{"name":"coerceArray","decl":{"start":{"line":4,"column":16},"end":{"line":4,"column":27}},"loc":{"start":{"line":4,"column":45},"end":{"line":6,"column":1}}},"1":{"name":"coerceNumber","decl":{"start":{"line":10,"column":16},"end":{"line":10,"column":28}},"loc":{"start":{"line":10,"column":58},"end":{"line":12,"column":1}}},"2":{"name":"coerceObject","decl":{"start":{"line":14,"column":16},"end":{"line":14,"column":28}},"loc":{"start":{"line":14,"column":41},"end":{"line":17,"column":1}}}},"branchMap":{"0":{"loc":{"start":{"line":5,"column":9},"end":{"line":5,"column":79}},"type":"cond-expr","locations":[{"start":{"line":5,"column":32},"end":{"line":5,"column":37}},{"start":{"line":5,"column":40},"end":{"line":5,"column":79}}]},"1":{"loc":{"start":{"line":5,"column":40},"end":{"line":5,"column":79}},"type":"cond-expr","locations":[{"start":{"line":5,"column":67},"end":{"line":5,"column":69}},{"start":{"line":5,"column":72},"end":{"line":5,"column":79}}]},"2":{"loc":{"start":{"line":10,"column":41},"end":{"line":10,"column":58}},"type":"default-arg","locations":[{"start":{"line":10,"column":57},"end":{"line":10,"column":58}}]},"3":{"loc":{"start":{"line":11,"column":9},"end":{"line":11,"column":56}},"type":"cond-expr","locations":[{"start":{"line":11,"column":27},"end":{"line":11,"column":40}},{"start":{"line":11,"column":43},"end":{"line":11,"column":56}}]},"4":{"loc":{"start":{"line":15,"column":2},"end":{"line":15,"column":27}},"type":"if","locations":[{"start":{"line":15,"column":2},"end":{"line":15,"column":27}}]},"5":{"loc":{"start":{"line":16,"column":9},"end":{"line":16,"column":49}},"type":"cond-expr","locations":[{"start":{"line":16,"column":39},"end":{"line":16,"column":41}},{"start":{"line":16,"column":44},"end":{"line":16,"column":49}}]}},"s":{"0":1,"1":1,"2":1,"3":0,"4":1,"5":0,"6":0,"7":0,"8":1},"f":{"0":1,"1":0,"2":0},"b":{"0":[0,1],"1":[0,1],"2":[0],"3":[0,0],"4":[0],"5":[0,0]}}
,"/home/pawel/Documents/geolocation-api-test/src/shared/helpers/jsonProperty.ts": {"path":"/home/pawel/Documents/geolocation-api-test/src/shared/helpers/jsonProperty.ts","statementMap":{"0":{"start":{"line":1,"column":0},"end":{"line":1,"column":28}},"1":{"start":{"line":6,"column":2},"end":{"line":12,"column":null}},"2":{"start":{"line":7,"column":4},"end":{"line":7,"column":64}},"3":{"start":{"line":8,"column":9},"end":{"line":12,"column":null}},"4":{"start":{"line":9,"column":4},"end":{"line":9,"column":54}},"5":{"start":{"line":11,"column":4},"end":{"line":11,"column":97}},"6":{"start":{"line":14,"column":2},"end":{"line":14,"column":91}},"7":{"start":{"line":4,"column":0},"end":{"line":4,"column":24}}},"fnMap":{"0":{"name":"JsonProperty","decl":{"start":{"line":4,"column":24},"end":{"line":4,"column":36}},"loc":{"start":{"line":4,"column":77},"end":{"line":15,"column":1}}}},"branchMap":{"0":{"loc":{"start":{"line":6,"column":2},"end":{"line":12,"column":null}},"type":"if","locations":[{"start":{"line":6,"column":2},"end":{"line":12,"column":null}},{"start":{"line":8,"column":9},"end":{"line":12,"column":null}}]},"1":{"loc":{"start":{"line":8,"column":9},"end":{"line":12,"column":null}},"type":"if","locations":[{"start":{"line":8,"column":9},"end":{"line":12,"column":null}},{"start":{"line":10,"column":9},"end":{"line":12,"column":null}}]}},"s":{"0":1,"1":5,"2":1,"3":4,"4":4,"5":0,"6":5,"7":1},"f":{"0":5},"b":{"0":[1,4],"1":[4,0]}}
,"/home/pawel/Documents/geolocation-api-test/src/shared/helpers/utils.ts": {"path":"/home/pawel/Documents/geolocation-api-test/src/shared/helpers/utils.ts","statementMap":{"0":{"start":{"line":2,"column":2},"end":{"line":2,"column":59}},"1":{"start":{"line":1,"column":0},"end":{"line":1,"column":16}},"2":{"start":{"line":6,"column":2},"end":{"line":6,"column":41}},"3":{"start":{"line":6,"column":31},"end":{"line":6,"column":41}},"4":{"start":{"line":7,"column":2},"end":{"line":7,"column":36}},"5":{"start":{"line":7,"column":26},"end":{"line":7,"column":36}},"6":{"start":{"line":8,"column":2},"end":{"line":8,"column":46}},"7":{"start":{"line":5,"column":0},"end":{"line":5,"column":16}},"8":{"start":{"line":11,"column":33},"end":{"line":11,"column":89}},"9":{"start":{"line":11,"column":56},"end":{"line":11,"column":89}},"10":{"start":{"line":11,"column":13},"end":{"line":11,"column":33}},"11":{"start":{"line":13,"column":26},"end":{"line":13,"column":74}},"12":{"start":{"line":13,"column":49},"end":{"line":13,"column":74}},"13":{"start":{"line":13,"column":13},"end":{"line":13,"column":26}},"14":{"start":{"line":19,"column":2},"end":{"line":19,"column":89}},"15":{"start":{"line":15,"column":0},"end":{"line":15,"column":16}},"16":{"start":{"line":22,"column":32},"end":{"line":23,"column":56}},"17":{"start":{"line":23,"column":2},"end":{"line":23,"column":56}},"18":{"start":{"line":23,"column":31},"end":{"line":23,"column":55}},"19":{"start":{"line":22,"column":13},"end":{"line":22,"column":32}},"20":{"start":{"line":26,"column":2},"end":{"line":26,"column":33}},"21":{"start":{"line":25,"column":0},"end":{"line":25,"column":16}},"22":{"start":{"line":30,"column":2},"end":{"line":30,"column":85}},"23":{"start":{"line":29,"column":0},"end":{"line":29,"column":16}},"24":{"start":{"line":34,"column":2},"end":{"line":34,"column":82}},"25":{"start":{"line":33,"column":0},"end":{"line":33,"column":16}},"26":{"start":{"line":38,"column":2},"end":{"line":38,"column":82}},"27":{"start":{"line":37,"column":0},"end":{"line":37,"column":16}},"28":{"start":{"line":42,"column":2},"end":{"line":42,"column":38}},"29":{"start":{"line":41,"column":0},"end":{"line":41,"column":16}},"30":{"start":{"line":46,"column":2},"end":{"line":46,"column":85}},"31":{"start":{"line":45,"column":0},"end":{"line":45,"column":16}},"32":{"start":{"line":50,"column":2},"end":{"line":50,"column":77}},"33":{"start":{"line":50,"column":66},"end":{"line":50,"column":75}},"34":{"start":{"line":49,"column":0},"end":{"line":49,"column":16}}},"fnMap":{"0":{"name":"hasOwn","decl":{"start":{"line":1,"column":16},"end":{"line":1,"column":22}},"loc":{"start":{"line":1,"column":61},"end":{"line":3,"column":1}}},"1":{"name":"objectKeys","decl":{"start":{"line":5,"column":16},"end":{"line":5,"column":26}},"loc":{"start":{"line":5,"column":51},"end":{"line":9,"column":1}}},"2":{"name":"(anonymous_2)","decl":{"start":{"line":11,"column":33},"end":{"line":11,"column":34}},"loc":{"start":{"line":11,"column":56},"end":{"line":11,"column":89}}},"3":{"name":"(anonymous_3)","decl":{"start":{"line":13,"column":26},"end":{"line":13,"column":27}},"loc":{"start":{"line":13,"column":49},"end":{"line":13,"column":74}}},"4":{"name":"isNumber","decl":{"start":{"line":15,"column":16},"end":{"line":15,"column":24}},"loc":{"start":{"line":15,"column":35},"end":{"line":20,"column":1}}},"5":{"name":"(anonymous_5)","decl":{"start":{"line":22,"column":32},"end":{"line":22,"column":33}},"loc":{"start":{"line":23,"column":2},"end":{"line":23,"column":56}}},"6":{"name":"(anonymous_6)","decl":{"start":{"line":23,"column":13},"end":{"line":23,"column":14}},"loc":{"start":{"line":23,"column":31},"end":{"line":23,"column":55}}},"7":{"name":"isObjectType","decl":{"start":{"line":25,"column":16},"end":{"line":25,"column":28}},"loc":{"start":{"line":25,"column":37},"end":{"line":27,"column":1}}},"8":{"name":"isArrayType","decl":{"start":{"line":29,"column":16},"end":{"line":29,"column":27}},"loc":{"start":{"line":29,"column":37},"end":{"line":31,"column":1}}},"9":{"name":"isStringType","decl":{"start":{"line":33,"column":16},"end":{"line":33,"column":28}},"loc":{"start":{"line":33,"column":39},"end":{"line":35,"column":1}}},"10":{"name":"isNumberType","decl":{"start":{"line":37,"column":16},"end":{"line":37,"column":28}},"loc":{"start":{"line":37,"column":39},"end":{"line":39,"column":1}}},"11":{"name":"hasAnyNullOrUndefinedArgument","decl":{"start":{"line":41,"column":16},"end":{"line":41,"column":45}},"loc":{"start":{"line":41,"column":60},"end":{"line":43,"column":1}}},"12":{"name":"isBooleanType","decl":{"start":{"line":45,"column":16},"end":{"line":45,"column":29}},"loc":{"start":{"line":45,"column":40},"end":{"line":47,"column":1}}},"13":{"name":"isPrimitive","decl":{"start":{"line":49,"column":16},"end":{"line":49,"column":27}},"loc":{"start":{"line":49,"column":38},"end":{"line":51,"column":1}}},"14":{"name":"(anonymous_14)","decl":{"start":{"line":50,"column":58},"end":{"line":50,"column":59}},"loc":{"start":{"line":50,"column":66},"end":{"line":50,"column":75}}}},"branchMap":{"0":{"loc":{"start":{"line":6,"column":2},"end":{"line":6,"column":41}},"type":"if","locations":[{"start":{"line":6,"column":2},"end":{"line":6,"column":41}}]},"1":{"loc":{"start":{"line":7,"column":2},"end":{"line":7,"column":36}},"type":"if","locations":[{"start":{"line":7,"column":2},"end":{"line":7,"column":36}}]},"2":{"loc":{"start":{"line":11,"column":56},"end":{"line":11,"column":89}},"type":"binary-expr","locations":[{"start":{"line":11,"column":56},"end":{"line":11,"column":68}},{"start":{"line":11,"column":72},"end":{"line":11,"column":89}}]},"3":{"loc":{"start":{"line":19,"column":9},"end":{"line":19,"column":88}},"type":"binary-expr","locations":[{"start":{"line":19,"column":9},"end":{"line":19,"column":56}},{"start":{"line":19,"column":60},"end":{"line":19,"column":88}}]},"4":{"loc":{"start":{"line":30,"column":9},"end":{"line":30,"column":84}},"type":"binary-expr","locations":[{"start":{"line":30,"column":9},"end":{"line":30,"column":23}},{"start":{"line":30,"column":27},"end":{"line":30,"column":84}}]},"5":{"loc":{"start":{"line":34,"column":9},"end":{"line":34,"column":81}},"type":"binary-expr","locations":[{"start":{"line":34,"column":9},"end":{"line":34,"column":34}},{"start":{"line":34,"column":38},"end":{"line":34,"column":61}},{"start":{"line":34,"column":65},"end":{"line":34,"column":81}}]},"6":{"loc":{"start":{"line":38,"column":9},"end":{"line":38,"column":81}},"type":"binary-expr","locations":[{"start":{"line":38,"column":9},"end":{"line":38,"column":34}},{"start":{"line":38,"column":38},"end":{"line":38,"column":61}},{"start":{"line":38,"column":65},"end":{"line":38,"column":81}}]},"7":{"loc":{"start":{"line":46,"column":9},"end":{"line":46,"column":84}},"type":"binary-expr","locations":[{"start":{"line":46,"column":9},"end":{"line":46,"column":35}},{"start":{"line":46,"column":39},"end":{"line":46,"column":63}},{"start":{"line":46,"column":67},"end":{"line":46,"column":84}}]}},"s":{"0":0,"1":2,"2":6,"3":3,"4":3,"5":1,"6":2,"7":2,"8":2,"9":7,"10":2,"11":2,"12":5,"13":2,"14":9,"15":2,"16":2,"17":0,"18":0,"19":2,"20":0,"21":2,"22":0,"23":2,"24":0,"25":2,"26":0,"27":2,"28":0,"29":2,"30":0,"31":2,"32":0,"33":0,"34":2},"f":{"0":0,"1":6,"2":7,"3":5,"4":9,"5":0,"6":0,"7":0,"8":0,"9":0,"10":0,"11":0,"12":0,"13":0,"14":0},"b":{"0":[3],"1":[1],"2":[7,7],"3":[9,3],"4":[0,0],"5":[0,0,0],"6":[0,0,0],"7":[0,0,0]}}
,"/home/pawel/Documents/geolocation-api-test/src/shared/server/controller.ts": {"path":"/home/pawel/Documents/geolocation-api-test/src/shared/server/controller.ts","statementMap":{"0":{"start":{"line":3,"column":0},"end":{"line":3,"column":42}},"1":{"start":{"line":4,"column":0},"end":{"line":4,"column":75}},"2":{"start":{"line":5,"column":0},"end":{"line":5,"column":55}},"3":{"start":{"line":6,"column":0},"end":{"line":6,"column":62}},"4":{"start":{"line":7,"column":0},"end":{"line":7,"column":66}},"5":{"start":{"line":14,"column":2},"end":{"line":26,"column":6}},"6":{"start":{"line":16,"column":4},"end":{"line":26,"column":5}},"7":{"start":{"line":17,"column":21},"end":{"line":17,"column":77}},"8":{"start":{"line":18,"column":6},"end":{"line":24,"column":null}},"9":{"start":{"line":19,"column":33},"end":{"line":22,"column":26}},"10":{"start":{"line":20,"column":10},"end":{"line":20,"column":50}},"11":{"start":{"line":21,"column":10},"end":{"line":21,"column":21}},"12":{"start":{"line":23,"column":8},"end":{"line":23,"column":46}},"13":{"start":{"line":25,"column":6},"end":{"line":25,"column":20}},"14":{"start":{"line":28,"column":2},"end":{"line":52,"column":4}},"15":{"start":{"line":28,"column":45},"end":{"line":52,"column":3}},"16":{"start":{"line":29,"column":4},"end":{"line":29,"column":54}},"17":{"start":{"line":29,"column":40},"end":{"line":29,"column":54}},"18":{"start":{"line":30,"column":27},"end":{"line":30,"column":98}},"19":{"start":{"line":32,"column":4},"end":{"line":32,"column":94}},"20":{"start":{"line":32,"column":33},"end":{"line":32,"column":94}},"21":{"start":{"line":33,"column":23},"end":{"line":33,"column":81}},"22":{"start":{"line":35,"column":4},"end":{"line":35,"column":82}},"23":{"start":{"line":35,"column":21},"end":{"line":35,"column":82}},"24":{"start":{"line":36,"column":4},"end":{"line":36,"column":36}},"25":{"start":{"line":37,"column":24},"end":{"line":37,"column":81}},"26":{"start":{"line":39,"column":4},"end":{"line":39,"column":73}},"27":{"start":{"line":39,"column":22},"end":{"line":39,"column":73}},"28":{"start":{"line":40,"column":4},"end":{"line":40,"column":38}},"29":{"start":{"line":41,"column":4},"end":{"line":41,"column":58}},"30":{"start":{"line":42,"column":17},"end":{"line":42,"column":79}},"31":{"start":{"line":43,"column":4},"end":{"line":43,"column":30}},"32":{"start":{"line":45,"column":4},"end":{"line":48,"column":null}},"33":{"start":{"line":46,"column":6},"end":{"line":46,"column":46}},"34":{"start":{"line":47,"column":6},"end":{"line":47,"column":63}},"35":{"start":{"line":49,"column":4},"end":{"line":49,"column":27}},"36":{"start":{"line":50,"column":4},"end":{"line":50,"column":30}},"37":{"start":{"line":51,"column":4},"end":{"line":51,"column":18}},"38":{"start":{"line":13,"column":0},"end":{"line":13,"column":21}}},"fnMap":{"0":{"name":"(anonymous_1)","decl":{"start":{"line":13,"column":0},"end":{"line":13,"column":21}},"loc":{"start":{"line":13,"column":0},"end":{"line":53,"column":1}}},"1":{"name":"(anonymous_2)","decl":{"start":{"line":15,"column":4},"end":{"line":15,"column":5}},"loc":{"start":{"line":16,"column":4},"end":{"line":26,"column":5}}},"2":{"name":"(anonymous_3)","decl":{"start":{"line":16,"column":4},"end":{"line":16,"column":5}},"loc":{"start":{"line":16,"column":66},"end":{"line":26,"column":5}}},"3":{"name":"(anonymous_4)","decl":{"start":{"line":19,"column":60},"end":{"line":19,"column":61}},"loc":{"start":{"line":19,"column":72},"end":{"line":22,"column":9}}},"4":{"name":"(anonymous_5)","decl":{"start":{"line":28,"column":19},"end":{"line":28,"column":20}},"loc":{"start":{"line":28,"column":45},"end":{"line":52,"column":3}}},"5":{"name":"(anonymous_6)","decl":{"start":{"line":28,"column":45},"end":{"line":28,"column":50}},"loc":{"start":{"line":28,"column":103},"end":{"line":52,"column":3}}}},"branchMap":{"0":{"loc":{"start":{"line":18,"column":6},"end":{"line":24,"column":null}},"type":"if","locations":[{"start":{"line":18,"column":6},"end":{"line":24,"column":null}}]},"1":{"loc":{"start":{"line":29,"column":4},"end":{"line":29,"column":54}},"type":"if","locations":[{"start":{"line":29,"column":4},"end":{"line":29,"column":54}}]},"2":{"loc":{"start":{"line":30,"column":27},"end":{"line":30,"column":98}},"type":"cond-expr","locations":[{"start":{"line":30,"column":59},"end":{"line":30,"column":80}},{"start":{"line":30,"column":83},"end":{"line":30,"column":98}}]},"3":{"loc":{"start":{"line":32,"column":4},"end":{"line":32,"column":94}},"type":"if","locations":[{"start":{"line":32,"column":4},"end":{"line":32,"column":94}}]},"4":{"loc":{"start":{"line":35,"column":4},"end":{"line":35,"column":82}},"type":"if","locations":[{"start":{"line":35,"column":4},"end":{"line":35,"column":82}}]},"5":{"loc":{"start":{"line":39,"column":4},"end":{"line":39,"column":73}},"type":"if","locations":[{"start":{"line":39,"column":4},"end":{"line":39,"column":73}}]},"6":{"loc":{"start":{"line":45,"column":4},"end":{"line":48,"column":null}},"type":"if","locations":[{"start":{"line":45,"column":4},"end":{"line":48,"column":null}}]}},"s":{"0":1,"1":1,"2":1,"3":1,"4":1,"5":1,"6":1,"7":1,"8":1,"9":1,"10":1,"11":1,"12":1,"13":0,"14":1,"15":1,"16":1,"17":0,"18":1,"19":1,"20":0,"21":1,"22":1,"23":1,"24":0,"25":0,"26":0,"27":0,"28":0,"29":0,"30":0,"31":0,"32":0,"33":0,"34":0,"35":0,"36":0,"37":0,"38":1},"f":{"0":1,"1":1,"2":1,"3":1,"4":1,"5":1},"b":{"0":[1],"1":[0],"2":[1,0],"3":[0],"4":[1],"5":[0],"6":[0]}}
,"/home/pawel/Documents/geolocation-api-test/src/shop/models/order.ts": {"path":"/home/pawel/Documents/geolocation-api-test/src/shop/models/order.ts","statementMap":{"0":{"start":{"line":2,"column":0},"end":{"line":2,"column":41}},"1":{"start":{"line":3,"column":0},"end":{"line":3,"column":99}},"2":{"start":{"line":4,"column":0},"end":{"line":4,"column":32}},"3":{"start":{"line":7,"column":0},"end":{"line":22,"column":null}},"4":{"start":{"line":18,"column":2},"end":{"line":18,"column":46}},"5":{"start":{"line":21,"column":2},"end":{"line":21,"column":31}},"6":{"start":{"line":9,"column":2},"end":{"line":9,"column":null}},"7":{"start":{"line":12,"column":2},"end":{"line":12,"column":null}},"8":{"start":{"line":11,"column":19},"end":{"line":11,"column":23}},"9":{"start":{"line":11,"column":35},"end":{"line":11,"column":46}},"10":{"start":{"line":18,"column":2},"end":{"line":18,"column":null}},"11":{"start":{"line":14,"column":20},"end":{"line":14,"column":27}},"12":{"start":{"line":14,"column":42},"end":{"line":14,"column":56}},"13":{"start":{"line":21,"column":2},"end":{"line":21,"column":null}},"14":{"start":{"line":7,"column":21},"end":{"line":22,"column":null}},"15":{"start":{"line":7,"column":21},"end":{"line":7,"column":null}}},"fnMap":{"0":{"name":"(anonymous_3)","decl":{"start":{"line":7,"column":0},"end":{"line":7,"column":21}},"loc":{"start":{"line":7,"column":0},"end":{"line":22,"column":1}}},"1":{"name":"(anonymous_4)","decl":{"start":{"line":11,"column":13},"end":{"line":11,"column":16}},"loc":{"start":{"line":11,"column":19},"end":{"line":11,"column":23}}},"2":{"name":"(anonymous_5)","decl":{"start":{"line":11,"column":25},"end":{"line":11,"column":26}},"loc":{"start":{"line":11,"column":35},"end":{"line":11,"column":46}}},"3":{"name":"(anonymous_6)","decl":{"start":{"line":14,"column":14},"end":{"line":14,"column":17}},"loc":{"start":{"line":14,"column":20},"end":{"line":14,"column":27}}},"4":{"name":"(anonymous_7)","decl":{"start":{"line":14,"column":29},"end":{"line":14,"column":30}},"loc":{"start":{"line":14,"column":42},"end":{"line":14,"column":56}}}},"branchMap":{},"s":{"0":1,"1":1,"2":1,"3":1,"4":0,"5":0,"6":1,"7":1,"8":0,"9":0,"10":1,"11":0,"12":0,"13":1,"14":1,"15":1},"f":{"0":0,"1":0,"2":0,"3":0,"4":0},"b":{}}
,"/home/pawel/Documents/geolocation-api-test/src/shop/models/orderDto.ts": {"path":"/home/pawel/Documents/geolocation-api-test/src/shop/models/orderDto.ts","statementMap":{"0":{"start":{"line":1,"column":0},"end":{"line":1,"column":49}},"1":{"start":{"line":5,"column":2},"end":{"line":5,"column":37}},"2":{"start":{"line":10,"column":2},"end":{"line":10,"column":46}},"3":{"start":{"line":10,"column":2},"end":{"line":10,"column":null}},"4":{"start":{"line":4,"column":0},"end":{"line":4,"column":21}}},"fnMap":{"0":{"name":"(anonymous_3)","decl":{"start":{"line":4,"column":0},"end":{"line":4,"column":21}},"loc":{"start":{"line":4,"column":0},"end":{"line":11,"column":1}}}},"branchMap":{},"s":{"0":1,"1":0,"2":0,"3":1,"4":1},"f":{"0":0},"b":{}}
,"/home/pawel/Documents/geolocation-api-test/src/shop/models/product.ts": {"path":"/home/pawel/Documents/geolocation-api-test/src/shop/models/product.ts","statementMap":{"0":{"start":{"line":2,"column":0},"end":{"line":2,"column":41}},"1":{"start":{"line":3,"column":0},"end":{"line":3,"column":88}},"2":{"start":{"line":4,"column":0},"end":{"line":4,"column":28}},"3":{"start":{"line":7,"column":0},"end":{"line":25,"column":null}},"4":{"start":{"line":9,"column":2},"end":{"line":9,"column":17}},"5":{"start":{"line":12,"column":2},"end":{"line":12,"column":46}},"6":{"start":{"line":15,"column":2},"end":{"line":15,"column":42}},"7":{"start":{"line":21,"column":2},"end":{"line":21,"column":31}},"8":{"start":{"line":24,"column":2},"end":{"line":24,"column":31}},"9":{"start":{"line":9,"column":2},"end":{"line":9,"column":null}},"10":{"start":{"line":12,"column":2},"end":{"line":12,"column":null}},"11":{"start":{"line":15,"column":2},"end":{"line":15,"column":null}},"12":{"start":{"line":14,"column":20},"end":{"line":14,"column":25}},"13":{"start":{"line":14,"column":38},"end":{"line":14,"column":52}},"14":{"start":{"line":18,"column":2},"end":{"line":18,"column":null}},"15":{"start":{"line":17,"column":19},"end":{"line":17,"column":23}},"16":{"start":{"line":17,"column":35},"end":{"line":17,"column":48}},"17":{"start":{"line":21,"column":2},"end":{"line":21,"column":null}},"18":{"start":{"line":24,"column":2},"end":{"line":24,"column":null}},"19":{"start":{"line":7,"column":21},"end":{"line":25,"column":null}},"20":{"start":{"line":7,"column":21},"end":{"line":7,"column":null}}},"fnMap":{"0":{"name":"(anonymous_3)","decl":{"start":{"line":7,"column":0},"end":{"line":7,"column":21}},"loc":{"start":{"line":7,"column":0},"end":{"line":25,"column":1}}},"1":{"name":"(anonymous_4)","decl":{"start":{"line":14,"column":14},"end":{"line":14,"column":17}},"loc":{"start":{"line":14,"column":20},"end":{"line":14,"column":25}}},"2":{"name":"(anonymous_5)","decl":{"start":{"line":14,"column":27},"end":{"line":14,"column":28}},"loc":{"start":{"line":14,"column":38},"end":{"line":14,"column":52}}},"3":{"name":"(anonymous_6)","decl":{"start":{"line":17,"column":13},"end":{"line":17,"column":16}},"loc":{"start":{"line":17,"column":19},"end":{"line":17,"column":23}}},"4":{"name":"(anonymous_7)","decl":{"start":{"line":17,"column":25},"end":{"line":17,"column":26}},"loc":{"start":{"line":17,"column":35},"end":{"line":17,"column":48}}}},"branchMap":{},"s":{"0":1,"1":1,"2":1,"3":1,"4":0,"5":0,"6":0,"7":0,"8":0,"9":1,"10":1,"11":1,"12":0,"13":0,"14":1,"15":0,"16":0,"17":1,"18":1,"19":1,"20":1},"f":{"0":0,"1":0,"2":0,"3":0,"4":0},"b":{}}
,"/home/pawel/Documents/geolocation-api-test/src/shop/models/productDto.ts": {"path":"/home/pawel/Documents/geolocation-api-test/src/shop/models/productDto.ts","statementMap":{"0":{"start":{"line":1,"column":0},"end":{"line":1,"column":49}},"1":{"start":{"line":6,"column":2},"end":{"line":6,"column":37}},"2":{"start":{"line":8,"column":2},"end":{"line":8,"column":46}},"3":{"start":{"line":13,"column":2},"end":{"line":13,"column":37}},"4":{"start":{"line":18,"column":2},"end":{"line":18,"column":42}},"5":{"start":{"line":13,"column":2},"end":{"line":13,"column":null}},"6":{"start":{"line":18,"column":2},"end":{"line":18,"column":null}},"7":{"start":{"line":5,"column":0},"end":{"line":5,"column":21}}},"fnMap":{"0":{"name":"(anonymous_3)","decl":{"start":{"line":5,"column":0},"end":{"line":5,"column":21}},"loc":{"start":{"line":5,"column":0},"end":{"line":19,"column":1}}}},"branchMap":{},"s":{"0":1,"1":0,"2":0,"3":0,"4":0,"5":1,"6":1,"7":1},"f":{"0":0},"b":{}}
,"/home/pawel/Documents/geolocation-api-test/src/user/schema.ts": {"path":"/home/pawel/Documents/geolocation-api-test/src/user/schema.ts","statementMap":{"0":{"start":{"line":1,"column":0},"end":{"line":1,"column":24}},"1":{"start":{"line":3,"column":13},"end":{"line":3,"column":49}},"2":{"start":{"line":23,"column":13},"end":{"line":49,"column":5}},"3":{"start":{"line":47,"column":20},"end":{"line":47,"column":63}}},"fnMap":{"0":{"name":"(anonymous_0)","decl":{"start":{"line":47,"column":10},"end":{"line":47,"column":11}},"loc":{"start":{"line":47,"column":20},"end":{"line":47,"column":63}}}},"branchMap":{},"s":{"0":1,"1":1,"2":1,"3":0},"f":{"0":0},"b":{}}
,"/home/pawel/Documents/geolocation-api-test/src/user/adapters/postgresqlAdapter.ts": {"path":"/home/pawel/Documents/geolocation-api-test/src/user/adapters/postgresqlAdapter.ts","statementMap":{"0":{"start":{"line":2,"column":0},"end":{"line":2,"column":30}},"1":{"start":{"line":3,"column":0},"end":{"line":3,"column":46}},"2":{"start":{"line":5,"column":0},"end":{"line":5,"column":53}},"3":{"start":{"line":6,"column":0},"end":{"line":6,"column":42}},"4":{"start":{"line":9,"column":0},"end":{"line":9,"column":41}},"5":{"start":{"line":11,"column":28},"end":{"line":57,"column":2}},"6":{"start":{"line":16,"column":30},"end":{"line":57,"column":2}},"7":{"start":{"line":18,"column":4},"end":{"line":30,"column":null}},"8":{"start":{"line":19,"column":19},"end":{"line":24,"column":8}},"9":{"start":{"line":25,"column":6},"end":{"line":25,"column":49}},"10":{"start":{"line":26,"column":6},"end":{"line":26,"column":44}},"11":{"start":{"line":28,"column":6},"end":{"line":28,"column":46}},"12":{"start":{"line":29,"column":6},"end":{"line":29,"column":54}},"13":{"start":{"line":34,"column":4},"end":{"line":44,"column":null}},"14":{"start":{"line":35,"column":19},"end":{"line":37,"column":8}},"15":{"start":{"line":39,"column":6},"end":{"line":39,"column":29}},"16":{"start":{"line":39,"column":17},"end":{"line":39,"column":29}},"17":{"start":{"line":40,"column":6},"end":{"line":40,"column":34}},"18":{"start":{"line":42,"column":6},"end":{"line":42,"column":47}},"19":{"start":{"line":43,"column":6},"end":{"line":43,"column":18}},"20":{"start":{"line":48,"column":4},"end":{"line":55,"column":null}},"21":{"start":{"line":49,"column":19},"end":{"line":49,"column":80}},"22":{"start":{"line":50,"column":6},"end":{"line":50,"column":29}},"23":{"start":{"line":50,"column":17},"end":{"line":50,"column":29}},"24":{"start":{"line":51,"column":6},"end":{"line":51,"column":34}},"25":{"start":{"line":53,"column":6},"end":{"line":53,"column":50}},"26":{"start":{"line":54,"column":6},"end":{"line":54,"column":18}},"27":{"start":{"line":59,"column":0},"end":{"line":59,"column":103}}},"fnMap":{"0":{"name":"(anonymous_1)","decl":{"start":{"line":11,"column":28},"end":{"line":11,"column":null}},"loc":{"start":{"line":16,"column":30},"end":{"line":57,"column":2}}},"1":{"name":"(anonymous_2)","decl":{"start":{"line":17,"column":2},"end":{"line":17,"column":7}},"loc":{"start":{"line":17,"column":73},"end":{"line":31,"column":3}}},"2":{"name":"(anonymous_3)","decl":{"start":{"line":33,"column":2},"end":{"line":33,"column":7}},"loc":{"start":{"line":33,"column":37},"end":{"line":45,"column":3}}},"3":{"name":"(anonymous_4)","decl":{"start":{"line":47,"column":2},"end":{"line":47,"column":7}},"loc":{"start":{"line":47,"column":39},"end":{"line":56,"column":3}}}},"branchMap":{"0":{"loc":{"start":{"line":39,"column":6},"end":{"line":39,"column":29}},"type":"if","locations":[{"start":{"line":39,"column":6},"end":{"line":39,"column":29}}]},"1":{"loc":{"start":{"line":50,"column":6},"end":{"line":50,"column":29}},"type":"if","locations":[{"start":{"line":50,"column":6},"end":{"line":50,"column":29}}]}},"s":{"0":1,"1":1,"2":1,"3":1,"4":1,"5":1,"6":1,"7":0,"8":0,"9":0,"10":0,"11":0,"12":0,"13":0,"14":0,"15":0,"16":0,"17":0,"18":0,"19":0,"20":0,"21":0,"22":0,"23":0,"24":0,"25":0,"26":0,"27":1},"f":{"0":1,"1":0,"2":0,"3":0},"b":{"0":[0],"1":[0]}}
,"/home/pawel/Documents/geolocation-api-test/src/user/domain/ports/persistence.ts": {"path":"/home/pawel/Documents/geolocation-api-test/src/user/domain/ports/persistence.ts","statementMap":{"0":{"start":{"line":3,"column":26},"end":{"line":4,"column":37}},"1":{"start":{"line":4,"column":2},"end":{"line":4,"column":37}},"2":{"start":{"line":3,"column":13},"end":{"line":3,"column":26}},"3":{"start":{"line":5,"column":27},"end":{"line":6,"column":39}},"4":{"start":{"line":6,"column":2},"end":{"line":6,"column":39}},"5":{"start":{"line":5,"column":13},"end":{"line":5,"column":27}},"6":{"start":{"line":7,"column":30},"end":{"line":8,"column":45}},"7":{"start":{"line":8,"column":2},"end":{"line":8,"column":45}},"8":{"start":{"line":7,"column":13},"end":{"line":7,"column":30}}},"fnMap":{"0":{"name":"(anonymous_0)","decl":{"start":{"line":3,"column":26},"end":{"line":3,"column":31}},"loc":{"start":{"line":4,"column":2},"end":{"line":4,"column":37}}},"1":{"name":"(anonymous_1)","decl":{"start":{"line":5,"column":27},"end":{"line":5,"column":32}},"loc":{"start":{"line":6,"column":2},"end":{"line":6,"column":39}}},"2":{"name":"(anonymous_2)","decl":{"start":{"line":7,"column":30},"end":{"line":7,"column":35}},"loc":{"start":{"line":8,"column":2},"end":{"line":8,"column":45}}}},"branchMap":{},"s":{"0":1,"1":0,"2":1,"3":1,"4":0,"5":1,"6":1,"7":0,"8":1},"f":{"0":0,"1":0,"2":0},"b":{}}
,"/home/pawel/Documents/geolocation-api-test/src/user/models/user.ts": {"path":"/home/pawel/Documents/geolocation-api-test/src/user/models/user.ts","statementMap":{"0":{"start":{"line":2,"column":0},"end":{"line":2,"column":83}},"1":{"start":{"line":3,"column":0},"end":{"line":3,"column":39}},"2":{"start":{"line":4,"column":0},"end":{"line":4,"column":43}},"3":{"start":{"line":11,"column":0},"end":{"line":49,"column":null}},"4":{"start":{"line":13,"column":2},"end":{"line":13,"column":17}},"5":{"start":{"line":17,"column":2},"end":{"line":17,"column":21}},"6":{"start":{"line":20,"column":2},"end":{"line":20,"column":25}},"7":{"start":{"line":26,"column":2},"end":{"line":26,"column":35}},"8":{"start":{"line":29,"column":2},"end":{"line":29,"column":30}},"9":{"start":{"line":34,"column":2},"end":{"line":34,"column":42}},"10":{"start":{"line":39,"column":2},"end":{"line":39,"column":46}},"11":{"start":{"line":42,"column":2},"end":{"line":42,"column":31}},"12":{"start":{"line":45,"column":2},"end":{"line":45,"column":31}},"13":{"start":{"line":48,"column":2},"end":{"line":48,"column":31}},"14":{"start":{"line":13,"column":2},"end":{"line":13,"column":null}},"15":{"start":{"line":17,"column":2},"end":{"line":17,"column":null}},"16":{"start":{"line":20,"column":2},"end":{"line":20,"column":null}},"17":{"start":{"line":23,"column":2},"end":{"line":23,"column":null}},"18":{"start":{"line":26,"column":2},"end":{"line":26,"column":null}},"19":{"start":{"line":29,"column":2},"end":{"line":29,"column":null}},"20":{"start":{"line":34,"column":2},"end":{"line":34,"column":null}},"21":{"start":{"line":31,"column":19},"end":{"line":31,"column":24}},"22":{"start":{"line":31,"column":37},"end":{"line":31,"column":47}},"23":{"start":{"line":39,"column":2},"end":{"line":39,"column":null}},"24":{"start":{"line":36,"column":19},"end":{"line":36,"column":26}},"25":{"start":{"line":36,"column":41},"end":{"line":36,"column":53}},"26":{"start":{"line":42,"column":2},"end":{"line":42,"column":null}},"27":{"start":{"line":45,"column":2},"end":{"line":45,"column":null}},"28":{"start":{"line":48,"column":2},"end":{"line":48,"column":null}},"29":{"start":{"line":11,"column":13},"end":{"line":49,"column":null}},"30":{"start":{"line":11,"column":13},"end":{"line":11,"column":17}}},"fnMap":{"0":{"name":"(anonymous_3)","decl":{"start":{"line":11,"column":0},"end":{"line":11,"column":13}},"loc":{"start":{"line":11,"column":0},"end":{"line":49,"column":1}}},"1":{"name":"(anonymous_4)","decl":{"start":{"line":31,"column":13},"end":{"line":31,"column":16}},"loc":{"start":{"line":31,"column":19},"end":{"line":31,"column":24}}},"2":{"name":"(anonymous_5)","decl":{"start":{"line":31,"column":26},"end":{"line":31,"column":27}},"loc":{"start":{"line":31,"column":37},"end":{"line":31,"column":47}}},"3":{"name":"(anonymous_6)","decl":{"start":{"line":36,"column":13},"end":{"line":36,"column":16}},"loc":{"start":{"line":36,"column":19},"end":{"line":36,"column":26}}},"4":{"name":"(anonymous_7)","decl":{"start":{"line":36,"column":28},"end":{"line":36,"column":29}},"loc":{"start":{"line":36,"column":41},"end":{"line":36,"column":53}}}},"branchMap":{},"s":{"0":1,"1":1,"2":1,"3":1,"4":0,"5":0,"6":0,"7":0,"8":0,"9":0,"10":0,"11":0,"12":0,"13":0,"14":1,"15":1,"16":1,"17":1,"18":1,"19":1,"20":1,"21":0,"22":0,"23":1,"24":0,"25":0,"26":1,"27":1,"28":1,"29":1,"30":1},"f":{"0":0,"1":0,"2":0,"3":0,"4":0},"b":{}}
,"/home/pawel/Documents/geolocation-api-test/src/user/models/userDto.ts": {"path":"/home/pawel/Documents/geolocation-api-test/src/user/models/userDto.ts","statementMap":{"0":{"start":{"line":1,"column":0},"end":{"line":1,"column":49}},"1":{"start":{"line":28,"column":2},"end":{"line":28,"column":37}},"2":{"start":{"line":30,"column":2},"end":{"line":30,"column":40}},"3":{"start":{"line":32,"column":2},"end":{"line":32,"column":43}},"4":{"start":{"line":35,"column":2},"end":{"line":35,"column":39}},"5":{"start":{"line":40,"column":2},"end":{"line":40,"column":42}},"6":{"start":{"line":35,"column":2},"end":{"line":35,"column":null}},"7":{"start":{"line":40,"column":2},"end":{"line":40,"column":null}},"8":{"start":{"line":27,"column":0},"end":{"line":27,"column":21}}},"fnMap":{"0":{"name":"(anonymous_3)","decl":{"start":{"line":27,"column":0},"end":{"line":27,"column":21}},"loc":{"start":{"line":27,"column":0},"end":{"line":41,"column":1}}}},"branchMap":{},"s":{"0":1,"1":0,"2":0,"3":0,"4":0,"5":0,"6":1,"7":1,"8":1},"f":{"0":0},"b":{}}
}
