TN:
SF:src/entities.ts
FNF:0
FNH:0
DA:1,1
DA:2,1
DA:3,1
DA:4,1
DA:5,1
DA:6,1
DA:8,1
LF:7
LH:7
BRF:0
BRH:0
end_of_record
TN:
SF:src/session/adapters/jwtAdapter.ts
FN:10,(anonymous_1)
FN:11,(anonymous_2)
FN:17,(anonymous_3)
FN:23,(anonymous_4)
FN:29,(anonymous_5)
FN:34,(anonymous_6)
FN:43,(anonymous_7)
FN:48,(anonymous_8)
FNF:8
FNH:2
FNDA:1,(anonymous_1)
FNDA:0,(anonymous_2)
FNDA:0,(anonymous_3)
FNDA:0,(anonymous_4)
FNDA:0,(anonymous_5)
FNDA:1,(anonymous_6)
FNDA:0,(anonymous_7)
FNDA:0,(anonymous_8)
DA:1,1
DA:2,1
DA:4,1
DA:6,1
DA:8,1
DA:10,1
DA:12,0
DA:18,0
DA:24,0
DA:25,0
DA:26,0
DA:30,0
DA:31,0
DA:35,1
DA:36,1
DA:37,0
DA:39,1
DA:44,0
DA:45,0
DA:46,0
DA:48,0
DA:50,0
DA:52,0
DA:53,0
DA:58,1
LF:25
LH:10
BRDA:25,0,0,0
BRDA:25,1,0,0
BRDA:25,1,1,0
BRDA:25,2,0,0
BRDA:25,2,1,0
BRF:5
BRH:0
end_of_record
TN:
SF:src/session/domain/ports/session.ts
FN:4,(anonymous_0)
FN:6,(anonymous_1)
FN:8,(anonymous_2)
FN:10,(anonymous_3)
FN:12,(anonymous_4)
FN:13,(anonymous_5)
FNF:6
FNH:1
FNDA:0,(anonymous_0)
FNDA:0,(anonymous_1)
FNDA:0,(anonymous_2)
FNDA:0,(anonymous_3)
FNDA:1,(anonymous_4)
FNDA:0,(anonymous_5)
DA:4,1
DA:5,0
DA:6,1
DA:7,0
DA:8,1
DA:9,0
DA:10,1
DA:11,0
DA:12,1
DA:13,1
LF:10
LH:6
BRF:0
BRH:0
end_of_record
TN:
SF:src/shared/config/features.ts
FNF:0
FNH:0
DA:10,1
LF:1
LH:1
BRF:0
BRH:0
end_of_record
TN:
SF:src/shared/config/utils.ts
FN:4,isFeatureUsed
FN:5,(anonymous_1)
FNF:2
FNH:2
FNDA:1,isFeatureUsed
FNDA:1,(anonymous_1)
DA:1,1
DA:2,1
DA:4,1
DA:5,1
LF:4
LH:4
BRF:0
BRH:0
end_of_record
TN:
SF:src/shared/config/logger/instance.ts
FNF:0
FNH:0
DA:1,1
DA:2,1
DA:4,1
DA:12,1
LF:4
LH:4
BRF:0
BRH:0
end_of_record
TN:
SF:src/shared/config/logger/winston.ts
FN:8,(anonymous_1)
FN:32,(anonymous_2)
FN:36,(anonymous_3)
FN:40,(anonymous_4)
FN:48,(anonymous_5)
FN:52,(anonymous_6)
FN:56,(anonymous_7)
FN:60,(anonymous_8)
FN:68,(anonymous_9)
FN:72,(anonymous_10)
FN:76,(anonymous_11)
FNF:11
FNH:1
FNDA:1,(anonymous_1)
FNDA:0,(anonymous_2)
FNDA:0,(anonymous_3)
FNDA:0,(anonymous_4)
FNDA:0,(anonymous_5)
FNDA:0,(anonymous_6)
FNDA:0,(anonymous_7)
FNDA:0,(anonymous_8)
FNDA:0,(anonymous_9)
FNDA:0,(anonymous_10)
FNDA:0,(anonymous_11)
DA:1,1
DA:4,1
DA:6,1
DA:9,1
DA:12,1
DA:15,1
DA:21,1
DA:23,1
DA:24,1
DA:33,0
DA:37,0
DA:41,0
DA:49,0
DA:53,0
DA:57,0
DA:61,0
DA:69,0
DA:73,0
DA:77,0
LF:19
LH:9
BRDA:23,0,0,1
BRDA:33,1,0,0
BRDA:33,1,1,0
BRDA:33,2,0,0
BRDA:33,2,1,0
BRDA:37,3,0,0
BRDA:37,3,1,0
BRDA:37,4,0,0
BRDA:37,4,1,0
BRDA:42,5,0,0
BRDA:42,5,1,0
BRDA:42,6,0,0
BRDA:42,6,1,0
BRDA:49,7,0,0
BRDA:49,7,1,0
BRDA:49,8,0,0
BRDA:49,8,1,0
BRDA:53,9,0,0
BRDA:53,9,1,0
BRDA:53,10,0,0
BRDA:53,10,1,0
BRDA:57,11,0,0
BRDA:57,11,1,0
BRDA:57,12,0,0
BRDA:57,12,1,0
BRDA:62,13,0,0
BRDA:62,13,1,0
BRDA:62,14,0,0
BRDA:62,14,1,0
BRDA:69,15,0,0
BRDA:69,15,1,0
BRDA:69,16,0,0
BRDA:69,16,1,0
BRDA:73,17,0,0
BRDA:73,17,1,0
BRDA:73,18,0,0
BRDA:73,18,1,0
BRDA:77,19,0,0
BRDA:77,19,1,0
BRDA:77,20,0,0
BRDA:77,20,1,0
BRF:41
BRH:1
end_of_record
TN:
SF:src/shared/database/connection.ts
FNF:0
FNH:0
DA:1,1
DA:2,1
DA:4,1
DA:6,1
DA:18,1
LF:5
LH:5
BRF:0
BRH:0
end_of_record
TN:
SF:src/shared/helpers/coerce.ts
FN:4,coerceArray
FN:10,coerceNumber
FN:14,coerceObject
FNF:3
FNH:1
FNDA:1,coerceArray
FNDA:0,coerceNumber
FNDA:0,coerceObject
DA:2,1
DA:4,1
DA:5,1
DA:10,1
DA:11,0
DA:14,1
DA:15,0
DA:16,0
LF:8
LH:5
BRDA:5,0,0,0
BRDA:5,0,1,1
BRDA:5,1,0,0
BRDA:5,1,1,1
BRDA:10,2,0,0
BRDA:11,3,0,0
BRDA:11,3,1,0
BRDA:15,4,0,0
BRDA:16,5,0,0
BRDA:16,5,1,0
BRF:10
BRH:2
end_of_record
TN:
SF:src/shared/helpers/jsonProperty.ts
FN:4,JsonProperty
FNF:1
FNH:1
FNDA:5,JsonProperty
DA:1,1
DA:4,1
DA:6,5
DA:7,1
DA:8,4
DA:9,4
DA:11,0
DA:14,5
LF:8
LH:7
BRDA:6,0,0,1
BRDA:6,0,1,4
BRDA:8,1,0,4
BRDA:8,1,1,0
BRF:4
BRH:3
end_of_record
TN:
SF:src/shared/helpers/utils.ts
FN:1,hasOwn
FN:5,objectKeys
FN:11,(anonymous_2)
FN:13,(anonymous_3)
FN:15,isNumber
FN:22,(anonymous_5)
FN:23,(anonymous_6)
FN:25,isObjectType
FN:29,isArrayType
FN:33,isStringType
FN:37,isNumberType
FN:41,hasAnyNullOrUndefinedArgument
FN:45,isBooleanType
FN:49,isPrimitive
FN:50,(anonymous_14)
FNF:15
FNH:4
FNDA:0,hasOwn
FNDA:6,objectKeys
FNDA:7,(anonymous_2)
FNDA:5,(anonymous_3)
FNDA:9,isNumber
FNDA:0,(anonymous_5)
FNDA:0,(anonymous_6)
FNDA:0,isObjectType
FNDA:0,isArrayType
FNDA:0,isStringType
FNDA:0,isNumberType
FNDA:0,hasAnyNullOrUndefinedArgument
FNDA:0,isBooleanType
FNDA:0,isPrimitive
FNDA:0,(anonymous_14)
DA:1,2
DA:2,0
DA:5,2
DA:6,6
DA:7,3
DA:8,2
DA:11,7
DA:13,5
DA:15,2
DA:19,9
DA:22,2
DA:23,0
DA:25,2
DA:26,0
DA:29,2
DA:30,0
DA:33,2
DA:34,0
DA:37,2
DA:38,0
DA:41,2
DA:42,0
DA:45,2
DA:46,0
DA:49,2
DA:50,0
LF:26
LH:17
BRDA:6,0,0,3
BRDA:7,1,0,1
BRDA:11,2,0,7
BRDA:11,2,1,7
BRDA:19,3,0,9
BRDA:19,3,1,3
BRDA:30,4,0,0
BRDA:30,4,1,0
BRDA:34,5,0,0
BRDA:34,5,1,0
BRDA:34,5,2,0
BRDA:38,6,0,0
BRDA:38,6,1,0
BRDA:38,6,2,0
BRDA:46,7,0,0
BRDA:46,7,1,0
BRDA:46,7,2,0
BRF:17
BRH:6
end_of_record
TN:
SF:src/shared/server/controller.ts
FN:13,(anonymous_1)
FN:15,(anonymous_2)
FN:16,(anonymous_3)
FN:19,(anonymous_4)
FN:28,(anonymous_5)
FN:28,(anonymous_6)
FNF:6
FNH:6
FNDA:1,(anonymous_1)
FNDA:1,(anonymous_2)
FNDA:1,(anonymous_3)
FNDA:1,(anonymous_4)
FNDA:1,(anonymous_5)
FNDA:1,(anonymous_6)
DA:3,1
DA:4,1
DA:5,1
DA:6,1
DA:7,1
DA:13,1
DA:14,1
DA:16,1
DA:17,1
DA:18,1
DA:19,1
DA:20,1
DA:21,1
DA:23,1
DA:25,0
DA:28,1
DA:29,1
DA:30,1
DA:32,1
DA:33,1
DA:35,1
DA:36,0
DA:37,0
DA:39,0
DA:40,0
DA:41,0
DA:42,0
DA:43,0
DA:45,0
DA:46,0
DA:47,0
DA:49,0
DA:50,0
DA:51,0
LF:34
LH:20
BRDA:18,0,0,1
BRDA:29,1,0,0
BRDA:30,2,0,1
BRDA:30,2,1,0
BRDA:32,3,0,0
BRDA:35,4,0,1
BRDA:39,5,0,0
BRDA:45,6,0,0
BRF:8
BRH:3
end_of_record
TN:
SF:src/shop/models/order.ts
FN:7,(anonymous_3)
FN:11,(anonymous_4)
FN:11,(anonymous_5)
FN:14,(anonymous_6)
FN:14,(anonymous_7)
FNF:5
FNH:0
FNDA:0,(anonymous_3)
FNDA:0,(anonymous_4)
FNDA:0,(anonymous_5)
FNDA:0,(anonymous_6)
FNDA:0,(anonymous_7)
DA:2,1
DA:3,1
DA:4,1
DA:7,1
DA:9,1
DA:11,0
DA:12,1
DA:14,0
DA:18,1
DA:21,1
LF:10
LH:8
BRF:0
BRH:0
end_of_record
TN:
SF:src/shop/models/orderDto.ts
FN:4,(anonymous_3)
FNF:1
FNH:0
FNDA:0,(anonymous_3)
DA:1,1
DA:4,1
DA:5,0
DA:10,1
LF:4
LH:3
BRF:0
BRH:0
end_of_record
TN:
SF:src/shop/models/product.ts
FN:7,(anonymous_3)
FN:14,(anonymous_4)
FN:14,(anonymous_5)
FN:17,(anonymous_6)
FN:17,(anonymous_7)
FNF:5
FNH:0
FNDA:0,(anonymous_3)
FNDA:0,(anonymous_4)
FNDA:0,(anonymous_5)
FNDA:0,(anonymous_6)
FNDA:0,(anonymous_7)
DA:2,1
DA:3,1
DA:4,1
DA:7,1
DA:9,1
DA:12,1
DA:14,0
DA:15,1
DA:17,0
DA:18,1
DA:21,1
DA:24,1
LF:12
LH:10
BRF:0
BRH:0
end_of_record
TN:
SF:src/shop/models/productDto.ts
FN:5,(anonymous_3)
FNF:1
FNH:0
FNDA:0,(anonymous_3)
DA:1,1
DA:5,1
DA:6,0
DA:8,0
DA:13,1
DA:18,1
LF:6
LH:4
BRF:0
BRH:0
end_of_record
TN:
SF:src/user/schema.ts
FN:47,(anonymous_0)
FNF:1
FNH:0
FNDA:0,(anonymous_0)
DA:1,1
DA:3,1
DA:23,1
DA:47,0
LF:4
LH:3
BRF:0
BRH:0
end_of_record
TN:
SF:src/user/adapters/postgresqlAdapter.ts
FN:11,(anonymous_1)
FN:17,(anonymous_2)
FN:33,(anonymous_3)
FN:47,(anonymous_4)
FNF:4
FNH:1
FNDA:1,(anonymous_1)
FNDA:0,(anonymous_2)
FNDA:0,(anonymous_3)
FNDA:0,(anonymous_4)
DA:2,1
DA:3,1
DA:5,1
DA:6,1
DA:9,1
DA:11,1
DA:16,1
DA:18,0
DA:19,0
DA:25,0
DA:26,0
DA:28,0
DA:29,0
DA:34,0
DA:35,0
DA:39,0
DA:40,0
DA:42,0
DA:43,0
DA:48,0
DA:49,0
DA:50,0
DA:51,0
DA:53,0
DA:54,0
DA:59,1
LF:26
LH:8
BRDA:39,0,0,0
BRDA:50,1,0,0
BRF:2
BRH:0
end_of_record
TN:
SF:src/user/domain/ports/persistence.ts
FN:3,(anonymous_0)
FN:5,(anonymous_1)
FN:7,(anonymous_2)
FNF:3
FNH:0
FNDA:0,(anonymous_0)
FNDA:0,(anonymous_1)
FNDA:0,(anonymous_2)
DA:3,1
DA:4,0
DA:5,1
DA:6,0
DA:7,1
DA:8,0
LF:6
LH:3
BRF:0
BRH:0
end_of_record
TN:
SF:src/user/models/user.ts
FN:11,(anonymous_3)
FN:31,(anonymous_4)
FN:31,(anonymous_5)
FN:36,(anonymous_6)
FN:36,(anonymous_7)
FNF:5
FNH:0
FNDA:0,(anonymous_3)
FNDA:0,(anonymous_4)
FNDA:0,(anonymous_5)
FNDA:0,(anonymous_6)
FNDA:0,(anonymous_7)
DA:2,1
DA:3,1
DA:4,1
DA:11,1
DA:13,1
DA:17,1
DA:20,1
DA:23,1
DA:26,1
DA:29,1
DA:31,0
DA:34,1
DA:36,0
DA:39,1
DA:42,1
DA:45,1
DA:48,1
LF:17
LH:15
BRF:0
BRH:0
end_of_record
TN:
SF:src/user/models/userDto.ts
FN:27,(anonymous_3)
FNF:1
FNH:0
FNDA:0,(anonymous_3)
DA:1,1
DA:27,1
DA:28,0
DA:30,0
DA:32,0
DA:35,1
DA:40,1
LF:7
LH:4
BRF:0
BRH:0
end_of_record
